0 silly argv {
0 silly argv   _: [ 'create' ],
0 silly argv   lernaVersion: '3.20.2',
0 silly argv   '$0': 'lerna',
0 silly argv   name: 'eslint-config-giorgiosaud-js'
0 silly argv }
1 notice cli v3.20.2
2 verbose rootPath /Users/Jorge/Projects/giorgiosaud-standard
3 info versioning independent
4 warn ENOREMOTE No git remote found, skipping repository property
5 error Error: canceled
5 error     at Interface.<anonymous> (/Users/Jorge/.nvm/versions/node/v12.13.1/lib/node_modules/lerna/node_modules/read/lib/read.js:66:13)
5 error     at Interface.emit (events.js:210:5)
5 error     at Interface._ttyWrite (readline.js:887:16)
5 error     at ReadStream.onkeypress (readline.js:191:10)
5 error     at ReadStream.emit (events.js:210:5)
5 error     at emitKeys (internal/readline/utils.js:433:14)
5 error     at emitKeys.next (<anonymous>)
5 error     at ReadStream.onData (readline.js:1153:36)
5 error     at ReadStream.emit (events.js:210:5)
5 error     at addChunk (_stream_readable.js:309:12)
5 error     at readableAddChunk (_stream_readable.js:290:11)
5 error     at ReadStream.Readable.push (_stream_readable.js:224:10)
